<?xml version="1.0" encoding="UTF-8"?>
<testsuite name="bitgo4j.policy.common.IntentTest" tests="17" skipped="0" failures="0" errors="0" timestamp="2022-10-13T09:51:34" hostname="ishtos-MacBook-Pro.local" time="0.002">
  <properties/>
  <testcase name="testSetSequenceId()" classname="bitgo4j.policy.common.IntentTest" time="0.0"/>
  <testcase name="testSetHopParams()" classname="bitgo4j.policy.common.IntentTest" time="0.0"/>
  <testcase name="testSetSelfSend()" classname="bitgo4j.policy.common.IntentTest" time="0.0"/>
  <testcase name="testSetStakingAddress()" classname="bitgo4j.policy.common.IntentTest" time="0.0"/>
  <testcase name="testSetComment()" classname="bitgo4j.policy.common.IntentTest" time="0.0"/>
  <testcase name="testToString()" classname="bitgo4j.policy.common.IntentTest" time="0.001"/>
  <testcase name="testSetIntentType()" classname="bitgo4j.policy.common.IntentTest" time="0.0"/>
  <testcase name="testSetEnableTokens()" classname="bitgo4j.policy.common.IntentTest" time="0.0"/>
  <testcase name="testSetAmount()" classname="bitgo4j.policy.common.IntentTest" time="0.0"/>
  <testcase name="testSetStakingRequestId()" classname="bitgo4j.policy.common.IntentTest" time="0.0"/>
  <testcase name="testSetMemo()" classname="bitgo4j.policy.common.IntentTest" time="0.0"/>
  <testcase name="testSetTxid()" classname="bitgo4j.policy.common.IntentTest" time="0.0"/>
  <testcase name="testSetFeeOptions()" classname="bitgo4j.policy.common.IntentTest" time="0.0"/>
  <testcase name="testSetRecipients()" classname="bitgo4j.policy.common.IntentTest" time="0.0"/>
  <testcase name="testSetIsTss()" classname="bitgo4j.policy.common.IntentTest" time="0.001"/>
  <testcase name="testSetNonce()" classname="bitgo4j.policy.common.IntentTest" time="0.0"/>
  <testcase name="testSetProxy()" classname="bitgo4j.policy.common.IntentTest" time="0.0"/>
  <system-out><![CDATA[]]></system-out>
  <system-err><![CDATA[]]></system-err>
</testsuite>
