<?xml version="1.0" encoding="UTF-8"?>
<testsuite name="bitgo4j.express.response.KeyResponseTest" tests="3" skipped="0" failures="0" errors="0" timestamp="2022-10-13T09:51:32" hostname="ishtos-MacBook-Pro.local" time="0.001">
  <properties/>
  <testcase name="testToString()" classname="bitgo4j.express.response.KeyResponseTest" time="0.0"/>
  <testcase name="testSetPrv()" classname="bitgo4j.express.response.KeyResponseTest" time="0.0"/>
  <testcase name="testSetPub()" classname="bitgo4j.express.response.KeyResponseTest" time="0.0"/>
  <system-out><![CDATA[]]></system-out>
  <system-err><![CDATA[]]></system-err>
</testsuite>
