<?xml version="1.0" encoding="UTF-8"?>
<testsuite name="bitgo4j.express.common.TxPrebuildTest" tests="7" skipped="0" failures="0" errors="0" timestamp="2022-10-13T09:51:32" hostname="ishtos-MacBook-Pro.local" time="0.021">
  <properties/>
  <testcase name="testSetTxBase64()" classname="bitgo4j.express.common.TxPrebuildTest" time="0.019"/>
  <testcase name="testToString()" classname="bitgo4j.express.common.TxPrebuildTest" time="0.001"/>
  <testcase name="testSetIsLastSignature()" classname="bitgo4j.express.common.TxPrebuildTest" time="0.0"/>
  <testcase name="testSetFeeInfo()" classname="bitgo4j.express.common.TxPrebuildTest" time="0.001"/>
  <testcase name="testSetTxInfo()" classname="bitgo4j.express.common.TxPrebuildTest" time="0.0"/>
  <testcase name="testSetWallet()" classname="bitgo4j.express.common.TxPrebuildTest" time="0.0"/>
  <testcase name="testSetTxHex()" classname="bitgo4j.express.common.TxPrebuildTest" time="0.0"/>
  <system-out><![CDATA[]]></system-out>
  <system-err><![CDATA[]]></system-err>
</testsuite>
