<?xml version="1.0" encoding="UTF-8"?>
<testsuite name="bitgo4j.pendingapproval.common.UpdateTest" tests="6" skipped="0" failures="0" errors="0" timestamp="2022-10-13T09:51:34" hostname="ishtos-MacBook-Pro.local" time="0.017">
  <properties/>
  <testcase name="testSetId()" classname="bitgo4j.pendingapproval.common.UpdateTest" time="0.015"/>
  <testcase name="testToString()" classname="bitgo4j.pendingapproval.common.UpdateTest" time="0.001"/>
  <testcase name="testSetAction()" classname="bitgo4j.pendingapproval.common.UpdateTest" time="0.0"/>
  <testcase name="testSetCoin()" classname="bitgo4j.pendingapproval.common.UpdateTest" time="0.001"/>
  <testcase name="testSetType()" classname="bitgo4j.pendingapproval.common.UpdateTest" time="0.0"/>
  <testcase name="testSetCondition()" classname="bitgo4j.pendingapproval.common.UpdateTest" time="0.0"/>
  <system-out><![CDATA[]]></system-out>
  <system-err><![CDATA[]]></system-err>
</testsuite>
