<?xml version="1.0" encoding="UTF-8"?>
<testsuite name="bitgo4j.pendingapproval.common.CoinSpecificTest" tests="7" skipped="0" failures="0" errors="0" timestamp="2022-10-13T09:51:34" hostname="ishtos-MacBook-Pro.local" time="0.002">
  <properties/>
  <testcase name="testSetHomeDomain()" classname="bitgo4j.pendingapproval.common.CoinSpecificTest" time="0.001"/>
  <testcase name="testToString()" classname="bitgo4j.pendingapproval.common.CoinSpecificTest" time="0.0"/>
  <testcase name="testSetCreationFailure()" classname="bitgo4j.pendingapproval.common.CoinSpecificTest" time="0.0"/>
  <testcase name="testSetRootAddress()" classname="bitgo4j.pendingapproval.common.CoinSpecificTest" time="0.001"/>
  <testcase name="testSetStellarUsername()" classname="bitgo4j.pendingapproval.common.CoinSpecificTest" time="0.0"/>
  <testcase name="testSetStellarAddress()" classname="bitgo4j.pendingapproval.common.CoinSpecificTest" time="0.0"/>
  <testcase name="testSetPendingChainInitialization()" classname="bitgo4j.pendingapproval.common.CoinSpecificTest" time="0.0"/>
  <system-out><![CDATA[]]></system-out>
  <system-err><![CDATA[]]></system-err>
</testsuite>
