<?xml version="1.0" encoding="UTF-8"?>
<testsuite name="bitgo4j.express.request.SendTransactionRequestTest" tests="44" skipped="1" failures="0" errors="0" timestamp="2022-10-13T09:51:32" hostname="ishtos-MacBook-Pro.local" time="0.029">
  <properties/>
  <testcase name="testSetTargetWalletUnspents()" classname="bitgo4j.express.request.SendTransactionRequestTest" time="0.017"/>
  <testcase name="testSetSequenceId()" classname="bitgo4j.express.request.SendTransactionRequestTest" time="0.001"/>
  <testcase name="testSetIdfVersion()" classname="bitgo4j.express.request.SendTransactionRequestTest" time="0.0"/>
  <testcase name="testSetChangeAddress()" classname="bitgo4j.express.request.SendTransactionRequestTest" time="0.001"/>
  <testcase name="testSetMaxFeeRate()" classname="bitgo4j.express.request.SendTransactionRequestTest" time="0.0"/>
  <testcase name="testSetNoSplitChange()" classname="bitgo4j.express.request.SendTransactionRequestTest" time="0.0"/>
  <testcase name="testSetIdfUserId()" classname="bitgo4j.express.request.SendTransactionRequestTest" time="0.0"/>
  <testcase name="testSetStakingOptions()" classname="bitgo4j.express.request.SendTransactionRequestTest" time="0.001"/>
  <testcase name="testSetStrategy()" classname="bitgo4j.express.request.SendTransactionRequestTest" time="0.0"/>
  <testcase name="testSetComment()" classname="bitgo4j.express.request.SendTransactionRequestTest" time="0.0"/>
  <testcase name="testToString()" classname="bitgo4j.express.request.SendTransactionRequestTest" time="0.0">
    <skipped/>
  </testcase>
  <testcase name="testSetNumBlocks()" classname="bitgo4j.express.request.SendTransactionRequestTest" time="0.001"/>
  <testcase name="testSetReservation()" classname="bitgo4j.express.request.SendTransactionRequestTest" time="0.0"/>
  <testcase name="testSetAddressType()" classname="bitgo4j.express.request.SendTransactionRequestTest" time="0.0"/>
  <testcase name="testSetEnforceMinConfirmsForChange()" classname="bitgo4j.express.request.SendTransactionRequestTest" time="0.0"/>
  <testcase name="testSetConsolidateId()" classname="bitgo4j.express.request.SendTransactionRequestTest" time="0.0"/>
  <testcase name="testSetValidFromBlock()" classname="bitgo4j.express.request.SendTransactionRequestTest" time="0.0"/>
  <testcase name="testSetWalletPassphrase()" classname="bitgo4j.express.request.SendTransactionRequestTest" time="0.001"/>
  <testcase name="testSetGasLimit()" classname="bitgo4j.express.request.SendTransactionRequestTest" time="0.0"/>
  <testcase name="testSetGasPrice()" classname="bitgo4j.express.request.SendTransactionRequestTest" time="0.0"/>
  <testcase name="testSetInstant()" classname="bitgo4j.express.request.SendTransactionRequestTest" time="0.0"/>
  <testcase name="testSetMinValue()" classname="bitgo4j.express.request.SendTransactionRequestTest" time="0.001"/>
  <testcase name="testSetLastLedgerSequence()" classname="bitgo4j.express.request.SendTransactionRequestTest" time="0.0"/>
  <testcase name="testSetValidToBlock()" classname="bitgo4j.express.request.SendTransactionRequestTest" time="0.0"/>
  <testcase name="testSetStartTime()" classname="bitgo4j.express.request.SendTransactionRequestTest" time="0.0"/>
  <testcase name="testSetEip1559()" classname="bitgo4j.express.request.SendTransactionRequestTest" time="0.0"/>
  <testcase name="testSetMessageKey()" classname="bitgo4j.express.request.SendTransactionRequestTest" time="0.0"/>
  <testcase name="testSetAmount()" classname="bitgo4j.express.request.SendTransactionRequestTest" time="0.0"/>
  <testcase name="testSetCpfpTxIds()" classname="bitgo4j.express.request.SendTransactionRequestTest" time="0.0"/>
  <testcase name="testSetMaxFee()" classname="bitgo4j.express.request.SendTransactionRequestTest" time="0.0"/>
  <testcase name="testSetAddress()" classname="bitgo4j.express.request.SendTransactionRequestTest" time="0.0"/>
  <testcase name="testSetLedgerSequenceDelta()" classname="bitgo4j.express.request.SendTransactionRequestTest" time="0.0"/>
  <testcase name="testSetCpfpFeeRate()" classname="bitgo4j.express.request.SendTransactionRequestTest" time="0.0"/>
  <testcase name="testSetFeeRate()" classname="bitgo4j.express.request.SendTransactionRequestTest" time="0.0"/>
  <testcase name="testSetUnspents()" classname="bitgo4j.express.request.SendTransactionRequestTest" time="0.001"/>
  <testcase name="testSetTrustlines()" classname="bitgo4j.express.request.SendTransactionRequestTest" time="0.0"/>
  <testcase name="testSetMinConfirms()" classname="bitgo4j.express.request.SendTransactionRequestTest" time="0.0"/>
  <testcase name="testSetData()" classname="bitgo4j.express.request.SendTransactionRequestTest" time="0.0"/>
  <testcase name="testSetMemo()" classname="bitgo4j.express.request.SendTransactionRequestTest" time="0.001"/>
  <testcase name="testSetType()" classname="bitgo4j.express.request.SendTransactionRequestTest" time="0.0"/>
  <testcase name="testSetIdfSignedTimestamp()" classname="bitgo4j.express.request.SendTransactionRequestTest" time="0.0"/>
  <testcase name="testSetHop()" classname="bitgo4j.express.request.SendTransactionRequestTest" time="0.001"/>
  <testcase name="testSetPrv()" classname="bitgo4j.express.request.SendTransactionRequestTest" time="0.0"/>
  <testcase name="testSetMaxValue()" classname="bitgo4j.express.request.SendTransactionRequestTest" time="0.0"/>
  <system-out><![CDATA[]]></system-out>
  <system-err><![CDATA[]]></system-err>
</testsuite>
