<?xml version="1.0" encoding="UTF-8"?>
<testsuite name="bitgo4j.wallet.common.TokensTest" tests="2" skipped="0" failures="0" errors="0" timestamp="2022-10-13T09:51:33" hostname="ishtos-MacBook-Pro.local" time="0.007">
  <properties/>
  <testcase name="testToString()" classname="bitgo4j.wallet.common.TokensTest" time="0.007"/>
  <testcase name="testSetProperty()" classname="bitgo4j.wallet.common.TokensTest" time="0.0"/>
  <system-out><![CDATA[]]></system-out>
  <system-err><![CDATA[]]></system-err>
</testsuite>
