<?xml version="1.0" encoding="UTF-8"?>
<testsuite name="bitgo4j.wallet.common.UnspentTest" tests="5" skipped="0" failures="0" errors="0" timestamp="2022-10-13T09:51:33" hostname="ishtos-MacBook-Pro.local" time="0.0">
  <properties/>
  <testcase name="testSetId()" classname="bitgo4j.wallet.common.UnspentTest" time="0.0"/>
  <testcase name="testToString()" classname="bitgo4j.wallet.common.UnspentTest" time="0.0"/>
  <testcase name="testSetUserId()" classname="bitgo4j.wallet.common.UnspentTest" time="0.0"/>
  <testcase name="testSetExpireTime()" classname="bitgo4j.wallet.common.UnspentTest" time="0.0"/>
  <testcase name="testSetWalletId()" classname="bitgo4j.wallet.common.UnspentTest" time="0.0"/>
  <system-out><![CDATA[]]></system-out>
  <system-err><![CDATA[]]></system-err>
</testsuite>
