<?xml version="1.0" encoding="UTF-8"?>
<testsuite name="bitgo4j.user.response.UserResponseTest" tests="9" skipped="0" failures="0" errors="0" timestamp="2022-10-13T09:51:33" hostname="ishtos-MacBook-Pro.local" time="0.002">
  <properties/>
  <testcase name="testSetId()" classname="bitgo4j.user.response.UserResponseTest" time="0.0"/>
  <testcase name="testSetCountry()" classname="bitgo4j.user.response.UserResponseTest" time="0.0"/>
  <testcase name="testToString()" classname="bitgo4j.user.response.UserResponseTest" time="0.0"/>
  <testcase name="testSetIsActive()" classname="bitgo4j.user.response.UserResponseTest" time="0.001"/>
  <testcase name="testSetUsername()" classname="bitgo4j.user.response.UserResponseTest" time="0.0"/>
  <testcase name="testSetName()" classname="bitgo4j.user.response.UserResponseTest" time="0.0"/>
  <testcase name="testSetEmail()" classname="bitgo4j.user.response.UserResponseTest" time="0.0"/>
  <testcase name="testSetPhone()" classname="bitgo4j.user.response.UserResponseTest" time="0.0"/>
  <testcase name="testSetState()" classname="bitgo4j.user.response.UserResponseTest" time="0.0"/>
  <system-out><![CDATA[]]></system-out>
  <system-err><![CDATA[]]></system-err>
</testsuite>
