<?xml version="1.0" encoding="UTF-8"?>
<testsuite name="bitgo4j.webhook.request.RemoveWalletWebhookRequestTest" tests="4" skipped="0" failures="0" errors="0" timestamp="2022-10-13T09:51:31" hostname="ishtos-MacBook-Pro.local" time="0.001">
  <properties/>
  <testcase name="testSetId()" classname="bitgo4j.webhook.request.RemoveWalletWebhookRequestTest" time="0.0"/>
  <testcase name="testToString()" classname="bitgo4j.webhook.request.RemoveWalletWebhookRequestTest" time="0.001"/>
  <testcase name="testSetType()" classname="bitgo4j.webhook.request.RemoveWalletWebhookRequestTest" time="0.0"/>
  <testcase name="testSetUrl()" classname="bitgo4j.webhook.request.RemoveWalletWebhookRequestTest" time="0.0"/>
  <system-out><![CDATA[]]></system-out>
  <system-err><![CDATA[]]></system-err>
</testsuite>
