<?xml version="1.0" encoding="UTF-8"?>
<testsuite name="bitgo4j.express.response.SignTransactionResponseTest" tests="2" skipped="0" failures="0" errors="0" timestamp="2022-10-13T09:51:32" hostname="ishtos-MacBook-Pro.local" time="0.008">
  <properties/>
  <testcase name="testToString()" classname="bitgo4j.express.response.SignTransactionResponseTest" time="0.007"/>
  <testcase name="testSetTxInfo()" classname="bitgo4j.express.response.SignTransactionResponseTest" time="0.001"/>
  <system-out><![CDATA[]]></system-out>
  <system-err><![CDATA[]]></system-err>
</testsuite>
