<?xml version="1.0" encoding="UTF-8"?>
<testsuite name="bitgo4j.express.response.TransactionResponseTest" tests="5" skipped="0" failures="0" errors="0" timestamp="2022-10-13T09:51:32" hostname="ishtos-MacBook-Pro.local" time="0.051">
  <properties/>
  <testcase name="testSetTransfer()" classname="bitgo4j.express.response.TransactionResponseTest" time="0.048"/>
  <testcase name="testSetTx()" classname="bitgo4j.express.response.TransactionResponseTest" time="0.0"/>
  <testcase name="testToString()" classname="bitgo4j.express.response.TransactionResponseTest" time="0.001"/>
  <testcase name="testSetStatus()" classname="bitgo4j.express.response.TransactionResponseTest" time="0.001"/>
  <testcase name="testSetTxid()" classname="bitgo4j.express.response.TransactionResponseTest" time="0.001"/>
  <system-out><![CDATA[]]></system-out>
  <system-err><![CDATA[]]></system-err>
</testsuite>
