<?xml version="1.0" encoding="UTF-8"?>
<testsuite name="bitgo4j.pendingapproval.common.EnterpriseModificationResponseTest" tests="3" skipped="0" failures="0" errors="0" timestamp="2022-10-13T09:51:34" hostname="ishtos-MacBook-Pro.local" time="0.001">
  <properties/>
  <testcase name="testToString()" classname="bitgo4j.pendingapproval.common.EnterpriseModificationResponseTest" time="0.0"/>
  <testcase name="testSetAction()" classname="bitgo4j.pendingapproval.common.EnterpriseModificationResponseTest" time="0.001"/>
  <testcase name="testSetUpdateEnterpriseRequest()" classname="bitgo4j.pendingapproval.common.EnterpriseModificationResponseTest" time="0.0"/>
  <system-out><![CDATA[]]></system-out>
  <system-err><![CDATA[]]></system-err>
</testsuite>
