<?xml version="1.0" encoding="UTF-8"?>
<testsuite name="bitgo4j.policy.MockPolicyClientImplTest" tests="9" skipped="0" failures="0" errors="0" timestamp="2022-10-13T09:51:34" hostname="ishtos-MacBook-Pro.local" time="0.036">
  <properties/>
  <testcase name="addTest_200()" classname="bitgo4j.policy.MockPolicyClientImplTest" time="0.013"/>
  <testcase name="addTest_202()" classname="bitgo4j.policy.MockPolicyClientImplTest" time="0.004"/>
  <testcase name="addTest_400()" classname="bitgo4j.policy.MockPolicyClientImplTest" time="0.002"/>
  <testcase name="updateTest_200()" classname="bitgo4j.policy.MockPolicyClientImplTest" time="0.003"/>
  <testcase name="updateTest_202()" classname="bitgo4j.policy.MockPolicyClientImplTest" time="0.002"/>
  <testcase name="updateTest_400()" classname="bitgo4j.policy.MockPolicyClientImplTest" time="0.003"/>
  <testcase name="deleteTest_200()" classname="bitgo4j.policy.MockPolicyClientImplTest" time="0.003"/>
  <testcase name="deleteTest_202()" classname="bitgo4j.policy.MockPolicyClientImplTest" time="0.003"/>
  <testcase name="deleteTest_400()" classname="bitgo4j.policy.MockPolicyClientImplTest" time="0.003"/>
  <system-out><![CDATA[]]></system-out>
  <system-err><![CDATA[java.io.FileNotFoundException: src/test/resources/local.properties (No such file or directory)
	at java.base/java.io.FileInputStream.open0(Native Method)
	at java.base/java.io.FileInputStream.open(FileInputStream.java:219)
	at java.base/java.io.FileInputStream.<init>(FileInputStream.java:157)
	at java.base/java.io.FileInputStream.<init>(FileInputStream.java:112)
	at bitgo4j.TestingUtils.getProperties(TestingUtils.java:14)
	at bitgo4j.policy.MockPolicyClientImplTest.setUp(MockPolicyClientImplTest.java:24)
	at java.base/jdk.internal.reflect.NativeMethodAccessorImpl.invoke0(Native Method)
	at java.base/jdk.internal.reflect.NativeMethodAccessorImpl.invoke(NativeMethodAccessorImpl.java:62)
	at java.base/jdk.internal.reflect.DelegatingMethodAccessorImpl.invoke(DelegatingMethodAccessorImpl.java:43)
	at java.base/java.lang.reflect.Method.invoke(Method.java:566)
	at org.junit.platform.commons.util.ReflectionUtils.invokeMethod(ReflectionUtils.java:727)
	at org.junit.jupiter.engine.execution.MethodInvocation.proceed(MethodInvocation.java:60)
	at org.junit.jupiter.engine.execution.InvocationInterceptorChain$ValidatingInvocation.proceed(InvocationInterceptorChain.java:131)
	at org.junit.jupiter.engine.extension.TimeoutExtension.intercept(TimeoutExtension.java:156)
	at org.junit.jupiter.engine.extension.TimeoutExtension.interceptLifecycleMethod(TimeoutExtension.java:128)
	at org.junit.jupiter.engine.extension.TimeoutExtension.interceptBeforeAllMethod(TimeoutExtension.java:70)
	at org.junit.jupiter.engine.execution.InterceptingExecutableInvoker$ReflectiveInterceptorCall.lambda$ofVoidMethod$0(InterceptingExecutableInvoker.java:103)
	at org.junit.jupiter.engine.execution.InterceptingExecutableInvoker.lambda$invoke$0(InterceptingExecutableInvoker.java:93)
	at org.junit.jupiter.engine.execution.InvocationInterceptorChain$InterceptedInvocation.proceed(InvocationInterceptorChain.java:106)
	at org.junit.jupiter.engine.execution.InvocationInterceptorChain.proceed(InvocationInterceptorChain.java:64)
	at org.junit.jupiter.engine.execution.InvocationInterceptorChain.chainAndInvoke(InvocationInterceptorChain.java:45)
	at org.junit.jupiter.engine.execution.InvocationInterceptorChain.invoke(InvocationInterceptorChain.java:37)
	at org.junit.jupiter.engine.execution.InterceptingExecutableInvoker.invoke(InterceptingExecutableInvoker.java:92)
	at org.junit.jupiter.engine.execution.InterceptingExecutableInvoker.invoke(InterceptingExecutableInvoker.java:86)
	at org.junit.jupiter.engine.descriptor.ClassBasedTestDescriptor.lambda$invokeBeforeAllMethods$13(ClassBasedTestDescriptor.java:411)
	at org.junit.platform.engine.support.hierarchical.ThrowableCollector.execute(ThrowableCollector.java:73)
	at org.junit.jupiter.engine.descriptor.ClassBasedTestDescriptor.invokeBeforeAllMethods(ClassBasedTestDescriptor.java:409)
	at org.junit.jupiter.engine.descriptor.ClassBasedTestDescriptor.before(ClassBasedTestDescriptor.java:215)
	at org.junit.jupiter.engine.descriptor.ClassBasedTestDescriptor.before(ClassBasedTestDescriptor.java:84)
	at org.junit.platform.engine.support.hierarchical.NodeTestTask.lambda$executeRecursively$6(NodeTestTask.java:148)
	at org.junit.platform.engine.support.hierarchical.ThrowableCollector.execute(ThrowableCollector.java:73)
	at org.junit.platform.engine.support.hierarchical.NodeTestTask.lambda$executeRecursively$8(NodeTestTask.java:141)
	at org.junit.platform.engine.support.hierarchical.Node.around(Node.java:137)
	at org.junit.platform.engine.support.hierarchical.NodeTestTask.lambda$executeRecursively$9(NodeTestTask.java:139)
	at org.junit.platform.engine.support.hierarchical.ThrowableCollector.execute(ThrowableCollector.java:73)
	at org.junit.platform.engine.support.hierarchical.NodeTestTask.executeRecursively(NodeTestTask.java:138)
	at org.junit.platform.engine.support.hierarchical.NodeTestTask.execute(NodeTestTask.java:95)
	at java.base/java.util.ArrayList.forEach(ArrayList.java:1541)
	at org.junit.platform.engine.support.hierarchical.SameThreadHierarchicalTestExecutorService.invokeAll(SameThreadHierarchicalTestExecutorService.java:41)
	at org.junit.platform.engine.support.hierarchical.NodeTestTask.lambda$executeRecursively$6(NodeTestTask.java:155)
	at org.junit.platform.engine.support.hierarchical.ThrowableCollector.execute(ThrowableCollector.java:73)
	at org.junit.platform.engine.support.hierarchical.NodeTestTask.lambda$executeRecursively$8(NodeTestTask.java:141)
	at org.junit.platform.engine.support.hierarchical.Node.around(Node.java:137)
	at org.junit.platform.engine.support.hierarchical.NodeTestTask.lambda$executeRecursively$9(NodeTestTask.java:139)
	at org.junit.platform.engine.support.hierarchical.ThrowableCollector.execute(ThrowableCollector.java:73)
	at org.junit.platform.engine.support.hierarchical.NodeTestTask.executeRecursively(NodeTestTask.java:138)
	at org.junit.platform.engine.support.hierarchical.NodeTestTask.execute(NodeTestTask.java:95)
	at org.junit.platform.engine.support.hierarchical.SameThreadHierarchicalTestExecutorService.submit(SameThreadHierarchicalTestExecutorService.java:35)
	at org.junit.platform.engine.support.hierarchical.HierarchicalTestExecutor.execute(HierarchicalTestExecutor.java:57)
	at org.junit.platform.engine.support.hierarchical.HierarchicalTestEngine.execute(HierarchicalTestEngine.java:54)
	at org.junit.platform.launcher.core.DefaultLauncher.execute(DefaultLauncher.java:248)
	at org.junit.platform.launcher.core.DefaultLauncher.lambda$execute$5(DefaultLauncher.java:211)
	at org.junit.platform.launcher.core.DefaultLauncher.withInterceptedStreams(DefaultLauncher.java:226)
	at org.junit.platform.launcher.core.DefaultLauncher.execute(DefaultLauncher.java:199)
	at org.junit.platform.launcher.core.DefaultLauncher.execute(DefaultLauncher.java:132)
	at org.gradle.api.internal.tasks.testing.junitplatform.JUnitPlatformTestClassProcessor$CollectAllTestClassesExecutor.processAllTestClasses(JUnitPlatformTestClassProcessor.java:99)
	at org.gradle.api.internal.tasks.testing.junitplatform.JUnitPlatformTestClassProcessor$CollectAllTestClassesExecutor.access$000(JUnitPlatformTestClassProcessor.java:79)
	at org.gradle.api.internal.tasks.testing.junitplatform.JUnitPlatformTestClassProcessor.stop(JUnitPlatformTestClassProcessor.java:75)
	at org.gradle.api.internal.tasks.testing.SuiteTestClassProcessor.stop(SuiteTestClassProcessor.java:61)
	at java.base/jdk.internal.reflect.NativeMethodAccessorImpl.invoke0(Native Method)
	at java.base/jdk.internal.reflect.NativeMethodAccessorImpl.invoke(NativeMethodAccessorImpl.java:62)
	at java.base/jdk.internal.reflect.DelegatingMethodAccessorImpl.invoke(DelegatingMethodAccessorImpl.java:43)
	at java.base/java.lang.reflect.Method.invoke(Method.java:566)
	at org.gradle.internal.dispatch.ReflectionDispatch.dispatch(ReflectionDispatch.java:36)
	at org.gradle.internal.dispatch.ReflectionDispatch.dispatch(ReflectionDispatch.java:24)
	at org.gradle.internal.dispatch.ContextClassLoaderDispatch.dispatch(ContextClassLoaderDispatch.java:33)
	at org.gradle.internal.dispatch.ProxyDispatchAdapter$DispatchingInvocationHandler.invoke(ProxyDispatchAdapter.java:94)
	at com.sun.proxy.$Proxy2.stop(Unknown Source)
	at org.gradle.api.internal.tasks.testing.worker.TestWorker.stop(TestWorker.java:133)
	at java.base/jdk.internal.reflect.NativeMethodAccessorImpl.invoke0(Native Method)
	at java.base/jdk.internal.reflect.NativeMethodAccessorImpl.invoke(NativeMethodAccessorImpl.java:62)
	at java.base/jdk.internal.reflect.DelegatingMethodAccessorImpl.invoke(DelegatingMethodAccessorImpl.java:43)
	at java.base/java.lang.reflect.Method.invoke(Method.java:566)
	at org.gradle.internal.dispatch.ReflectionDispatch.dispatch(ReflectionDispatch.java:36)
	at org.gradle.internal.dispatch.ReflectionDispatch.dispatch(ReflectionDispatch.java:24)
	at org.gradle.internal.remote.internal.hub.MessageHubBackedObjectConnection$DispatchWrapper.dispatch(MessageHubBackedObjectConnection.java:182)
	at org.gradle.internal.remote.internal.hub.MessageHubBackedObjectConnection$DispatchWrapper.dispatch(MessageHubBackedObjectConnection.java:164)
	at org.gradle.internal.remote.internal.hub.MessageHub$Handler.run(MessageHub.java:414)
	at org.gradle.internal.concurrent.ExecutorPolicy$CatchAndRecordFailures.onExecute(ExecutorPolicy.java:64)
	at org.gradle.internal.concurrent.ManagedExecutorImpl$1.run(ManagedExecutorImpl.java:48)
	at java.base/java.util.concurrent.ThreadPoolExecutor.runWorker(ThreadPoolExecutor.java:1128)
	at java.base/java.util.concurrent.ThreadPoolExecutor$Worker.run(ThreadPoolExecutor.java:628)
	at org.gradle.internal.concurrent.ThreadFactoryImpl$ManagedThreadRunnable.run(ThreadFactoryImpl.java:56)
	at java.base/java.lang.Thread.run(Thread.java:829)
10月 13, 2022 6:51:34 午後 okhttp3.internal.platform.Platform log
情報: --> POST http://localhost:4040/api/v2/52b2vtsa2rirpivn9403gt7ec4y0y90m9dxd1pd9ocy5zppps2ko98z7hvp6ztbqv271hnrbtu4dhaa8qwe0hmrrf7slxcbl6umez2atof1w52pw0407mzfkp6n04pmjbqfsj32v6sbg4s3plc4/wallet/f0f409843c35045cd5a0a4d14edc5216/policy/rule (2-byte body)
10月 13, 2022 6:51:34 午後 okhttp3.internal.platform.Platform log
情報: <-- 200 OK http://localhost:4040/api/v2/52b2vtsa2rirpivn9403gt7ec4y0y90m9dxd1pd9ocy5zppps2ko98z7hvp6ztbqv271hnrbtu4dhaa8qwe0hmrrf7slxcbl6umez2atof1w52pw0407mzfkp6n04pmjbqfsj32v6sbg4s3plc4/wallet/f0f409843c35045cd5a0a4d14edc5216/policy/rule (2ms, unknown-length body)
10月 13, 2022 6:51:34 午後 okhttp3.internal.platform.Platform log
情報: --> POST http://localhost:4040/api/v2/5oeon5ujftshwpmr6wcmjlshpb6o9lzma04xx8u3xbmlv1rmcln1m5f9hhvv47nfhzksayqgljenzl1hly2gj2px65w6iqh5h7ijc2m3gj5ofhwa1r3uefk4fd5q2jenaek115q88hvnpooy4osnq/wallet/dd631c456d42355aaedb6745723644bc/policy/rule (2-byte body)
10月 13, 2022 6:51:34 午後 okhttp3.internal.platform.Platform log
情報: <-- 202 Accepted http://localhost:4040/api/v2/5oeon5ujftshwpmr6wcmjlshpb6o9lzma04xx8u3xbmlv1rmcln1m5f9hhvv47nfhzksayqgljenzl1hly2gj2px65w6iqh5h7ijc2m3gj5ofhwa1r3uefk4fd5q2jenaek115q88hvnpooy4osnq/wallet/dd631c456d42355aaedb6745723644bc/policy/rule (2ms, unknown-length body)
10月 13, 2022 6:51:34 午後 okhttp3.internal.platform.Platform log
情報: --> POST http://localhost:4040/api/v2/5ydkj26q8gnmcim4xhpjlf8ckbcmb3dzts5ggveekldp51mva6a2bkasv0e8fr5x00ov7i3icyfzpvzr97u2t9sx9h90ogtzfjot5ftm51geskfn6srsn3zwnv5a330f6evyta8hkft4bxvr8c9eu1a83ueyrynp5o0zccfvvckv902wtcy/wallet/ba9a81666401c34d6f8c9efe935a04d3/policy/rule (2-byte body)
10月 13, 2022 6:51:34 午後 okhttp3.internal.platform.Platform log
情報: <-- 400 Bad Request http://localhost:4040/api/v2/5ydkj26q8gnmcim4xhpjlf8ckbcmb3dzts5ggveekldp51mva6a2bkasv0e8fr5x00ov7i3icyfzpvzr97u2t9sx9h90ogtzfjot5ftm51geskfn6srsn3zwnv5a330f6evyta8hkft4bxvr8c9eu1a83ueyrynp5o0zccfvvckv902wtcy/wallet/ba9a81666401c34d6f8c9efe935a04d3/policy/rule (1ms, unknown-length body)
10月 13, 2022 6:51:34 午後 okhttp3.internal.platform.Platform log
情報: --> PUT http://localhost:4040/api/v2/olegaajufa8l10379rao1xbrj3jccanayr384uwtptqkwunk3j8ohx5bmfvznwr70te9bm5uyh25x086lc1v1ae68mw638ew1z6b15azk5dj9zffi6xlp5xzzca9sbld/wallet/bd10c692d844e64200444bf203e7d5d1/policy/rule (2-byte body)
10月 13, 2022 6:51:34 午後 okhttp3.internal.platform.Platform log
情報: <-- 200 OK http://localhost:4040/api/v2/olegaajufa8l10379rao1xbrj3jccanayr384uwtptqkwunk3j8ohx5bmfvznwr70te9bm5uyh25x086lc1v1ae68mw638ew1z6b15azk5dj9zffi6xlp5xzzca9sbld/wallet/bd10c692d844e64200444bf203e7d5d1/policy/rule (1ms, unknown-length body)
10月 13, 2022 6:51:34 午後 okhttp3.internal.platform.Platform log
情報: --> PUT http://localhost:4040/api/v2/gz4pyybhcz57p259h5t5ebvz5jmsygr4ug/wallet/e09e0fe8fbe64bb2dd2819f7a0cf823c/policy/rule (2-byte body)
10月 13, 2022 6:51:34 午後 okhttp3.internal.platform.Platform log
情報: <-- 202 Accepted http://localhost:4040/api/v2/gz4pyybhcz57p259h5t5ebvz5jmsygr4ug/wallet/e09e0fe8fbe64bb2dd2819f7a0cf823c/policy/rule (1ms, unknown-length body)
10月 13, 2022 6:51:34 午後 okhttp3.internal.platform.Platform log
情報: --> PUT http://localhost:4040/api/v2/svmexdnv039mj03oih8emmybxsh3cxi5tqenctnzucr0en075qoc8v59z2558mgnetbqupmx1th8wnttdv9i62o0oibgdd87nmfryrraxloneqwnz/wallet/b4046427102f17763eb5cde2faa0faf0/policy/rule (2-byte body)
10月 13, 2022 6:51:34 午後 okhttp3.internal.platform.Platform log
情報: <-- 400 Bad Request http://localhost:4040/api/v2/svmexdnv039mj03oih8emmybxsh3cxi5tqenctnzucr0en075qoc8v59z2558mgnetbqupmx1th8wnttdv9i62o0oibgdd87nmfryrraxloneqwnz/wallet/b4046427102f17763eb5cde2faa0faf0/policy/rule (1ms, unknown-length body)
10月 13, 2022 6:51:34 午後 okhttp3.internal.platform.Platform log
情報: --> DELETE http://localhost:4040/api/v2/yov0skwt9klbqvfvjlz1hzemk53jxsnjrv1nth4w1ukhdo5020kw2i/wallet/7d6c6b021788a2ec9e5b21bddf3c3559/policy/rule (2-byte body)
10月 13, 2022 6:51:34 午後 okhttp3.internal.platform.Platform log
情報: <-- 200 OK http://localhost:4040/api/v2/yov0skwt9klbqvfvjlz1hzemk53jxsnjrv1nth4w1ukhdo5020kw2i/wallet/7d6c6b021788a2ec9e5b21bddf3c3559/policy/rule (2ms, unknown-length body)
10月 13, 2022 6:51:34 午後 okhttp3.internal.platform.Platform log
情報: --> DELETE http://localhost:4040/api/v2/zerf6ofmeq0jqme5se389pceuy3oeor7tux6zjkysavqwq3ce0dwyqrlwz2i9g3sk7fp2vxse5c15izn7ucb3h0glx0og76a87owpvrdznhl3pnaekxsujrrdsl8zqlu8w58ej1pl4abswx4kefzhvpwt4lo2z3g0jq3skffs05hi9s65z4srp9/wallet/97ac52d0a30ac891baac8bb6b886b514/policy/rule (2-byte body)
10月 13, 2022 6:51:34 午後 okhttp3.internal.platform.Platform log
情報: <-- 202 Accepted http://localhost:4040/api/v2/zerf6ofmeq0jqme5se389pceuy3oeor7tux6zjkysavqwq3ce0dwyqrlwz2i9g3sk7fp2vxse5c15izn7ucb3h0glx0og76a87owpvrdznhl3pnaekxsujrrdsl8zqlu8w58ej1pl4abswx4kefzhvpwt4lo2z3g0jq3skffs05hi9s65z4srp9/wallet/97ac52d0a30ac891baac8bb6b886b514/policy/rule (2ms, unknown-length body)
10月 13, 2022 6:51:34 午後 okhttp3.internal.platform.Platform log
情報: --> DELETE http://localhost:4040/api/v2/ipugg2iccbrn0kp8hlqkexlyc8fk9oo88ng32ky27nvywic2x7xstcuxinwwmuh5ryqvzhyqxxbf4hw0u7/wallet/576823bc71e804fe54c579be03c4d8f4/policy/rule (2-byte body)
10月 13, 2022 6:51:34 午後 okhttp3.internal.platform.Platform log
情報: <-- 400 Bad Request http://localhost:4040/api/v2/ipugg2iccbrn0kp8hlqkexlyc8fk9oo88ng32ky27nvywic2x7xstcuxinwwmuh5ryqvzhyqxxbf4hw0u7/wallet/576823bc71e804fe54c579be03c4d8f4/policy/rule (1ms, unknown-length body)
]]></system-err>
</testsuite>
